<html>
<head>
<title>TestNG:  AdultPopup</title>
<link href="../testng.css" rel="stylesheet" type="text/css" />
<link href="../my-testng.css" rel="stylesheet" type="text/css" />

<style type="text/css">
.log { display: none;} 
.stack-trace { display: none;} 
</style>
<script type="text/javascript">
<!--
function flip(e) {
  current = e.style.display;
  if (current == 'block') {
    e.style.display = 'none';
    return 0;
  }
  else {
    e.style.display = 'block';
    return 1;
  }
}

function toggleBox(szDivId, elem, msg1, msg2)
{
  var res = -1;  if (document.getElementById) {
    res = flip(document.getElementById(szDivId));
  }
  else if (document.all) {
    // this is the way old msie versions work
    res = flip(document.all[szDivId]);
  }
  if(elem) {
    if(res == 0) elem.innerHTML = msg1; else elem.innerHTML = msg2;
  }

}

function toggleAllBoxes() {
  if (document.getElementsByTagName) {
    d = document.getElementsByTagName('div');
    for (i = 0; i < d.length; i++) {
      if (d[i].className == 'log') {
        flip(d[i]);
      }
    }
  }
}

// -->
</script>

</head>
<body>
<h2 align='center'>AdultPopup</h2><table border='1' align="center">
<tr>
<td>Tests passed/Failed/Skipped:</td><td>13/1/0</td>
</tr><tr>
<td>Started on:</td><td>Wed Mar 20 15:02:47 IST 2024</td>
</tr>
<tr><td>Total time:</td><td>399 seconds (399784 ms)</td>
</tr><tr>
<td>Included groups:</td><td></td>
</tr><tr>
<td>Excluded groups:</td><td></td>
</tr>
</table><p/>
<small><i>(Hover the method name to see the test class name)</i></small><p/>
<table width='100%' border='1' class='invocation-failed'>
<tr><td colspan='4' align='center'><b>FAILED TESTS</b></td></tr>
<tr><td><b>Test method</b></td>
<td width="30%"><b>Exception</b></td>
<td width="10%"><b>Time (seconds)</b></td>
<td><b>Instance</b></td>
</tr>
<tr>
<td title='testcase.Testcase12_Reports.Reports()'><b>Reports</b><br>Test class: testcase.Testcase12_Reports</td>
<td><div><pre>org.openqa.selenium.ElementClickInterceptedException: element click intercepted: Element &lt;a href=&quot;https://scinner.com/model/reports/affiliate-earning&quot; class=&quot;&quot;&gt;...&lt;/a&gt; is not clickable at point (141, 456). Other element would receive the click: &lt;a href=&quot;https://scinner.com/logout&quot; onclick=&quot;event.preventDefault(); document.getElementById(&apos;logout-form&apos;).submit();localStorage.clear();&quot;&gt;...&lt;/a&gt;
  (Session info: chrome=123.0.6312.58)
Build info: version: &apos;4.14.1&apos;, revision: &apos;03f8ede370&apos;
System info: os.name: &apos;Linux&apos;, os.arch: &apos;amd64&apos;, os.version: &apos;6.5.0-25-generic&apos;, java.version: &apos;17.0.8&apos;
Driver info: org.openqa.selenium.chrome.ChromeDriver
Command: [290b460e84fb80bde04374f55bc35d9e, clickElement {id=f.B939F981188DBB92B595DC9B2437ADE6.d.797CBD5F4ED40CA04CF70D72EADF651B.e.1050}]
Capabilities {acceptInsecureCerts: false, browserName: chrome, browserVersion: 123.0.6312.58, chrome: {chromedriverVersion: 123.0.6312.58 (6b4b19e9dfbb..., userDataDir: /tmp/.org.chromium.Chromium...}, fedcm:accounts: true, goog:chromeOptions: {debuggerAddress: localhost:39423}, networkConnectionEnabled: false, pageLoadStrategy: normal, platformName: linux, proxy: Proxy(), se:cdp: ws://localhost:39423/devtoo..., se:cdpVersion: 123.0.6312.58, setWindowRect: true, strictFileInteractability: false, timeouts: {implicit: 0, pageLoad: 300000, script: 30000}, unhandledPromptBehavior: dismiss and notify, webauthn:extension:credBlob: true, webauthn:extension:largeBlob: true, webauthn:extension:minPinLength: true, webauthn:extension:prf: true, webauthn:virtualAuthenticators: true}
Element: [[ChromeDriver: chrome on linux (290b460e84fb80bde04374f55bc35d9e)] -&gt; xpath: //a[normalize-space()=&apos;Affiliate Earning&apos;]]
Session ID: 290b460e84fb80bde04374f55bc35d9e
	at org.openqa.selenium.remote.codec.w3c.W3CHttpResponseCodec.createException(W3CHttpResponseCodec.java:200)
	at org.openqa.selenium.remote.codec.w3c.W3CHttpResponseCodec.decode(W3CHttpResponseCodec.java:133)
	at org.openqa.selenium.remote.codec.w3c.W3CHttpResponseCodec.decode(W3CHttpResponseCodec.java:52)
	at org.openqa.selenium.remote.HttpCommandExecutor.execute(HttpCommandExecutor.java:191)
	at org.openqa.selenium.remote.service.DriverCommandExecutor.invokeExecute(DriverCommandExecutor.java:200)
	at org.openqa.selenium.remote.service.DriverCommandExecutor.execute(DriverCommandExecutor.java:175)
	at org.openqa.selenium.remote.RemoteWebDriver.execute(RemoteWebDriver.java:602)
	at org.openqa.selenium.remote.RemoteWebElement.execute(RemoteWebElement.java:224)
	at org.openqa.selenium.remote.RemoteWebElement.click(RemoteWebElement.java:77)
	at testcase.Testcase12_Reports.Reports(Testcase12_Reports.java:22)
	at java.base/java.util.ArrayList.forEach(ArrayList.java:1511)
... Removed 32 stack frames</pre></div><a href='#' onClick='toggleBox("stack-trace1214125015", this, "Click to show all stack frames", "Click to hide stack frames")'>Click to show all stack frames</a>
<div class='stack-trace' id='stack-trace1214125015'><pre>org.openqa.selenium.ElementClickInterceptedException: element click intercepted: Element &lt;a href=&quot;https://scinner.com/model/reports/affiliate-earning&quot; class=&quot;&quot;&gt;...&lt;/a&gt; is not clickable at point (141, 456). Other element would receive the click: &lt;a href=&quot;https://scinner.com/logout&quot; onclick=&quot;event.preventDefault(); document.getElementById(&apos;logout-form&apos;).submit();localStorage.clear();&quot;&gt;...&lt;/a&gt;
  (Session info: chrome=123.0.6312.58)
Build info: version: &apos;4.14.1&apos;, revision: &apos;03f8ede370&apos;
System info: os.name: &apos;Linux&apos;, os.arch: &apos;amd64&apos;, os.version: &apos;6.5.0-25-generic&apos;, java.version: &apos;17.0.8&apos;
Driver info: org.openqa.selenium.chrome.ChromeDriver
Command: [290b460e84fb80bde04374f55bc35d9e, clickElement {id=f.B939F981188DBB92B595DC9B2437ADE6.d.797CBD5F4ED40CA04CF70D72EADF651B.e.1050}]
Capabilities {acceptInsecureCerts: false, browserName: chrome, browserVersion: 123.0.6312.58, chrome: {chromedriverVersion: 123.0.6312.58 (6b4b19e9dfbb..., userDataDir: /tmp/.org.chromium.Chromium...}, fedcm:accounts: true, goog:chromeOptions: {debuggerAddress: localhost:39423}, networkConnectionEnabled: false, pageLoadStrategy: normal, platformName: linux, proxy: Proxy(), se:cdp: ws://localhost:39423/devtoo..., se:cdpVersion: 123.0.6312.58, setWindowRect: true, strictFileInteractability: false, timeouts: {implicit: 0, pageLoad: 300000, script: 30000}, unhandledPromptBehavior: dismiss and notify, webauthn:extension:credBlob: true, webauthn:extension:largeBlob: true, webauthn:extension:minPinLength: true, webauthn:extension:prf: true, webauthn:virtualAuthenticators: true}
Element: [[ChromeDriver: chrome on linux (290b460e84fb80bde04374f55bc35d9e)] -&gt; xpath: //a[normalize-space()=&apos;Affiliate Earning&apos;]]
Session ID: 290b460e84fb80bde04374f55bc35d9e
	at java.base/jdk.internal.reflect.NativeConstructorAccessorImpl.newInstance0(Native Method)
	at java.base/jdk.internal.reflect.NativeConstructorAccessorImpl.newInstance(NativeConstructorAccessorImpl.java:77)
	at java.base/jdk.internal.reflect.DelegatingConstructorAccessorImpl.newInstance(DelegatingConstructorAccessorImpl.java:45)
	at java.base/java.lang.reflect.Constructor.newInstanceWithCaller(Constructor.java:499)
	at java.base/java.lang.reflect.Constructor.newInstance(Constructor.java:480)
	at org.openqa.selenium.remote.codec.w3c.W3CHttpResponseCodec.createException(W3CHttpResponseCodec.java:200)
	at org.openqa.selenium.remote.codec.w3c.W3CHttpResponseCodec.decode(W3CHttpResponseCodec.java:133)
	at org.openqa.selenium.remote.codec.w3c.W3CHttpResponseCodec.decode(W3CHttpResponseCodec.java:52)
	at org.openqa.selenium.remote.HttpCommandExecutor.execute(HttpCommandExecutor.java:191)
	at org.openqa.selenium.remote.service.DriverCommandExecutor.invokeExecute(DriverCommandExecutor.java:200)
	at org.openqa.selenium.remote.service.DriverCommandExecutor.execute(DriverCommandExecutor.java:175)
	at org.openqa.selenium.remote.RemoteWebDriver.execute(RemoteWebDriver.java:602)
	at org.openqa.selenium.remote.RemoteWebElement.execute(RemoteWebElement.java:224)
	at org.openqa.selenium.remote.RemoteWebElement.click(RemoteWebElement.java:77)
	at testcase.Testcase12_Reports.Reports(Testcase12_Reports.java:22)
	at java.base/jdk.internal.reflect.NativeMethodAccessorImpl.invoke0(Native Method)
	at java.base/jdk.internal.reflect.NativeMethodAccessorImpl.invoke(NativeMethodAccessorImpl.java:77)
	at java.base/jdk.internal.reflect.DelegatingMethodAccessorImpl.invoke(DelegatingMethodAccessorImpl.java:43)
	at java.base/java.lang.reflect.Method.invoke(Method.java:568)
	at org.testng.internal.MethodInvocationHelper.invokeMethod(MethodInvocationHelper.java:134)
	at org.testng.internal.TestInvoker.invokeMethod(TestInvoker.java:597)
	at org.testng.internal.TestInvoker.invokeTestMethod(TestInvoker.java:173)
	at org.testng.internal.MethodRunner.runInSequence(MethodRunner.java:46)
	at org.testng.internal.TestInvoker$MethodInvocationAgent.invoke(TestInvoker.java:816)
	at org.testng.internal.TestInvoker.invokeTestMethods(TestInvoker.java:146)
	at org.testng.internal.TestMethodWorker.invokeTestMethods(TestMethodWorker.java:146)
	at org.testng.internal.TestMethodWorker.run(TestMethodWorker.java:128)
	at java.base/java.util.ArrayList.forEach(ArrayList.java:1511)
	at org.testng.TestRunner.privateRun(TestRunner.java:766)
	at org.testng.TestRunner.run(TestRunner.java:587)
	at org.testng.SuiteRunner.runTest(SuiteRunner.java:384)
	at org.testng.SuiteRunner.runSequentially(SuiteRunner.java:378)
	at org.testng.SuiteRunner.privateRun(SuiteRunner.java:337)
	at org.testng.SuiteRunner.run(SuiteRunner.java:286)
	at org.testng.SuiteRunnerWorker.runSuite(SuiteRunnerWorker.java:53)
	at org.testng.SuiteRunnerWorker.run(SuiteRunnerWorker.java:96)
	at org.testng.TestNG.runSuitesSequentially(TestNG.java:1187)
	at org.testng.TestNG.runSuitesLocally(TestNG.java:1109)
	at org.testng.TestNG.runSuites(TestNG.java:1039)
	at org.testng.TestNG.run(TestNG.java:1007)
	at org.testng.remote.AbstractRemoteTestNG.run(AbstractRemoteTestNG.java:115)
	at org.testng.remote.RemoteTestNG.initAndRun(RemoteTestNG.java:251)
	at org.testng.remote.RemoteTestNG.main(RemoteTestNG.java:77)
</pre></div></td>
<td>55</td>
<td>testcase.Testcase12_Reports@101952da</td></tr>
</table><p>
<table width='100%' border='1' class='invocation-passed'>
<tr><td colspan='4' align='center'><b>PASSED TESTS</b></td></tr>
<tr><td><b>Test method</b></td>
<td width="30%"><b>Exception</b></td>
<td width="10%"><b>Time (seconds)</b></td>
<td><b>Instance</b></td>
</tr>
<tr>
<td title='testcase.Testcase8_Account.Account()'><b>Account</b><br>Test class: testcase.Testcase8_Account</td>
<td></td>
<td>7</td>
<td>testcase.Testcase8_Account@15aab8c6</td></tr>
<tr>
<td title='testcase.Testcase13_Add_Balance.Add_Balance()'><b>Add_Balance</b><br>Test class: testcase.Testcase13_Add_Balance</td>
<td></td>
<td>48</td>
<td>testcase.Testcase13_Add_Balance@6babf3bf</td></tr>
<tr>
<td title='testcase.Testcase1_Adultpopup.Adultpopup()'><b>Adultpopup</b><br>Test class: testcase.Testcase1_Adultpopup</td>
<td></td>
<td>10</td>
<td>testcase.Testcase1_Adultpopup@3514a4c0</td></tr>
<tr>
<td title='testcase.Testcase11_BeFeatured.BeFeatured()'><b>BeFeatured</b><br>Test class: testcase.Testcase11_BeFeatured</td>
<td></td>
<td>22</td>
<td>testcase.Testcase11_BeFeatured@50b5ac82</td></tr>
<tr>
<td title='testcase.Testcase7_Clients.Clients()'><b>Clients</b><br>Test class: testcase.Testcase7_Clients</td>
<td></td>
<td>5</td>
<td>testcase.Testcase7_Clients@37654521</td></tr>
<tr>
<td title='testcase.Testcase6_Feedbacks.Feedbacks()'><b>Feedbacks</b><br>Test class: testcase.Testcase6_Feedbacks</td>
<td></td>
<td>9</td>
<td>testcase.Testcase6_Feedbacks@2df9b86</td></tr>
<tr>
<td title='testcase.Testcase2_Login.Login()'><b>Login</b><br>Test class: testcase.Testcase2_Login</td>
<td></td>
<td>16</td>
<td>testcase.Testcase2_Login@212b5695</td></tr>
<tr>
<td title='testcase.Testcase14_Logout.Logout()'><b>Logout</b><br>Test class: testcase.Testcase14_Logout</td>
<td></td>
<td>11</td>
<td>testcase.Testcase14_Logout@3059cbc</td></tr>
<tr>
<td title='testcase.Testcase5_MessageIconWithChatRoom.MessageIconWithChatRoom()'><b>MessageIconWithChatRoom</b><br>Test class: testcase.Testcase5_MessageIconWithChatRoom</td>
<td></td>
<td>43</td>
<td>testcase.Testcase5_MessageIconWithChatRoom@793be5ca</td></tr>
<tr>
<td title='testcase.Testcase3_ModelDetails.ModelDetails()'><b>ModelDetails</b><br>Test class: testcase.Testcase3_ModelDetails</td>
<td></td>
<td>35</td>
<td>testcase.Testcase3_ModelDetails@446293d</td></tr>
<tr>
<td title='testcase.Testcase9_Payment.Payment()'><b>Payment</b><br>Test class: testcase.Testcase9_Payment</td>
<td></td>
<td>21</td>
<td>testcase.Testcase9_Payment@33990a0c</td></tr>
<tr>
<td title='testcase.Testcase10_Profile.Profile()'><b>Profile</b><br>Test class: testcase.Testcase10_Profile</td>
<td></td>
<td>64</td>
<td>testcase.Testcase10_Profile@4de4b452</td></tr>
<tr>
<td title='testcase.Testcase4_ViewPleasureBag.ViewPleasureBag()'><b>ViewPleasureBag</b><br>Test class: testcase.Testcase4_ViewPleasureBag</td>
<td></td>
<td>10</td>
<td>testcase.Testcase4_ViewPleasureBag@69997e9d</td></tr>
</table><p>
</body>
</html>